<?xml version="1.0" encoding="UTF-8"?>
<!-- Generated by org.testng.reporters.JUnitReportReporter -->
<testsuite hostname="DESKTOP-Q2RM1HI" failures="0" tests="1" name="testRunner.TestRunner" time="14.565" errors="0" timestamp="2022-01-10T11:57:22 IST" skipped="0">
  <testcase classname="testRunner.TestRunner" name="runScenario" time="14.565"/>
  <system-out/>
</testsuite> <!-- testRunner.TestRunner -->
