<?xml version="1.0" encoding="UTF-8"?>
<!-- Generated by org.testng.reporters.JUnitReportReporter -->
<testsuite skipped="0" hostname="DESKTOP-Q2RM1HI" name="testRunner.TestRunner" tests="1" failures="0" timestamp="2022-01-10T18:22:59 IST" time="15.237" errors="0">
  <testcase name="runScenario" time="15.237" classname="testRunner.TestRunner"/>
  <system-out/>
</testsuite> <!-- testRunner.TestRunner -->
